Using pre-set license
Built from '2021.3/staging' branch; Version is '2021.3.19f1 (c9714fde33b6) revision 13201743'; Using compiler version '192829333'; Build Type 'Release'
OS: 'Windows 11  (10.0.25300) 64bit CoreSingleLanguage' Language: 'en' Physical Memory: 16215 MB
BatchMode: 1, IsHumanControllingUs: 0, StartBugReporterOnCrash: 0, Is64bit: 1, IsPro: 1

COMMAND LINE ARGUMENTS:
C:\Program Files\Unity\Hub\Editor\2021.3.19f1\Editor\Unity.exe
-adb2
-batchMode
-noUpm
-name
AssetImportWorker2
-projectPath
C:/Users/hoang/Kate Horror Game
-logFile
Logs/AssetImportWorker2.log
-srvPort
64637
Successfully changed project path to: C:/Users/hoang/Kate Horror Game
C:/Users/hoang/Kate Horror Game
[UnityMemory] Configuration Parameters - Can be set up in boot.config
    "memorysetup-bucket-allocator-granularity=16"
    "memorysetup-bucket-allocator-bucket-count=8"
    "memorysetup-bucket-allocator-block-size=33554432"
    "memorysetup-bucket-allocator-block-count=8"
    "memorysetup-main-allocator-block-size=16777216"
    "memorysetup-thread-allocator-block-size=16777216"
    "memorysetup-gfx-main-allocator-block-size=16777216"
    "memorysetup-gfx-thread-allocator-block-size=16777216"
    "memorysetup-cache-allocator-block-size=4194304"
    "memorysetup-typetree-allocator-block-size=2097152"
    "memorysetup-profiler-bucket-allocator-granularity=16"
    "memorysetup-profiler-bucket-allocator-bucket-count=8"
    "memorysetup-profiler-bucket-allocator-block-size=33554432"
    "memorysetup-profiler-bucket-allocator-block-count=8"
    "memorysetup-profiler-allocator-block-size=16777216"
    "memorysetup-profiler-editor-allocator-block-size=1048576"
    "memorysetup-temp-allocator-size-main=16777216"
    "memorysetup-job-temp-allocator-block-size=2097152"
    "memorysetup-job-temp-allocator-block-size-background=1048576"
    "memorysetup-job-temp-allocator-reduction-small-platforms=262144"
    "memorysetup-temp-allocator-size-background-worker=32768"
    "memorysetup-temp-allocator-size-job-worker=262144"
    "memorysetup-temp-allocator-size-preload-manager=33554432"
    "memorysetup-temp-allocator-size-nav-mesh-worker=65536"
    "memorysetup-temp-allocator-size-audio-worker=65536"
    "memorysetup-temp-allocator-size-cloud-worker=32768"
    "memorysetup-temp-allocator-size-gi-baking-worker=262144"
    "memorysetup-temp-allocator-size-gfx=262144"
Player connection [13860] Host "[IP] 192.168.2.12 [Port] 0 [Flags] 2 [Guid] 1429638935 [EditorId] 1429638935 [Version] 1048832 [Id] WindowsEditor(7,Huy) [Debug] 1 [PackageName] WindowsEditor [ProjectName] Editor" joined multi-casting on [225.0.0.222:54997]...

Player connection [13860] Host "[IP] 192.168.2.12 [Port] 0 [Flags] 2 [Guid] 1429638935 [EditorId] 1429638935 [Version] 1048832 [Id] WindowsEditor(7,Huy) [Debug] 1 [PackageName] WindowsEditor [ProjectName] Editor" joined alternative multi-casting on [225.0.0.222:34997]...

Refreshing native plugins compatible for Editor in 104.97 ms, found 3 plugins.
Preloading 0 native plugins for Editor in 0.00 ms.
Initialize engine version: 2021.3.19f1 (c9714fde33b6)
[Subsystems] Discovering subsystems at path C:/Program Files/Unity/Hub/Editor/2021.3.19f1/Editor/Data/Resources/UnitySubsystems
[Subsystems] Discovering subsystems at path C:/Users/hoang/Kate Horror Game/Assets
GfxDevice: creating device client; threaded=0; jobified=0
Direct3D:
    Version:  Direct3D 11.0 [level 11.1]
    Renderer: Intel(R) UHD Graphics 630 (ID=0x3e9b)
    Vendor:   Intel
    VRAM:     8107 MB
    Driver:   25.20.100.6577
Initialize mono
Mono path[0] = 'C:/Program Files/Unity/Hub/Editor/2021.3.19f1/Editor/Data/Managed'
Mono path[1] = 'C:/Program Files/Unity/Hub/Editor/2021.3.19f1/Editor/Data/MonoBleedingEdge/lib/mono/unityjit-win32'
Mono config path = 'C:/Program Files/Unity/Hub/Editor/2021.3.19f1/Editor/Data/MonoBleedingEdge/etc'
Using monoOptions --debugger-agent=transport=dt_socket,embedding=1,server=y,suspend=n,address=127.0.0.1:56148
Begin MonoManager ReloadAssembly
Registering precompiled unity dll's ...
Register platform support module: C:/Program Files/Unity/Hub/Editor/2021.3.19f1/Editor/Data/PlaybackEngines/WebGLSupport/UnityEditor.WebGL.Extensions.dll
Register platform support module: C:/Program Files/Unity/Hub/Editor/2021.3.19f1/Editor/Data/PlaybackEngines/WindowsStandaloneSupport/UnityEditor.WindowsStandalone.Extensions.dll
Registered in 0.005765 seconds.
Native extension for WindowsStandalone target not found
Native extension for WebGL target not found
Refreshing native plugins compatible for Editor in 88.66 ms, found 3 plugins.
Preloading 0 native plugins for Editor in 0.00 ms.
Mono: successfully reloaded assembly
- Completed reload, in  0.662 seconds
Domain Reload Profiling:
	ReloadAssembly (662ms)
		BeginReloadAssembly (74ms)
			ExecutionOrderSort (0ms)
			DisableScriptedObjects (0ms)
			BackupInstance (0ms)
			ReleaseScriptingObjects (0ms)
			CreateAndSetChildDomain (1ms)
		EndReloadAssembly (473ms)
			LoadAssemblies (72ms)
			RebuildTransferFunctionScriptingTraits (0ms)
			SetupTypeCache (112ms)
			ReleaseScriptCaches (0ms)
			RebuildScriptCaches (31ms)
			SetupLoadedEditorAssemblies (280ms)
				LogAssemblyErrors (0ms)
				InitializePlatformSupportModulesInManaged (8ms)
				SetLoadedEditorAssemblies (0ms)
				RefreshPlugins (89ms)
				BeforeProcessingInitializeOnLoad (1ms)
				ProcessInitializeOnLoadAttributes (133ms)
				ProcessInitializeOnLoadMethodAttributes (48ms)
				AfterProcessingInitializeOnLoad (0ms)
				EditorAssembliesLoaded (0ms)
			ExecutionOrderSort2 (0ms)
			AwakeInstancesAfterBackupRestoration (0ms)
Platform modules already initialized, skipping
Registering precompiled user dll's ...
Registered in 0.005221 seconds.
Begin MonoManager ReloadAssembly
Symbol file LoadedFromMemory doesn't match image C:\Users\hoang\Kate Horror Game\Library\PackageCache\com.unity.visualscripting@1.8.0\Editor\VisualScripting.Core\Dependencies\YamlDotNet\Unity.VisualScripting.YamlDotNet.dll
Symbol file LoadedFromMemory doesn't match image C:\Users\hoang\Kate Horror Game\Library\PackageCache\com.unity.visualscripting@1.8.0\Editor\VisualScripting.Core\Dependencies\DotNetZip\Unity.VisualScripting.IonicZip.dll
Native extension for WindowsStandalone target not found
Native extension for WebGL target not found
Refreshing native plugins compatible for Editor in 0.49 ms, found 3 plugins.
Preloading 0 native plugins for Editor in 0.00 ms.
Mono: successfully reloaded assembly
- Completed reload, in  1.043 seconds
Domain Reload Profiling:
	ReloadAssembly (1044ms)
		BeginReloadAssembly (109ms)
			ExecutionOrderSort (0ms)
			DisableScriptedObjects (7ms)
			BackupInstance (0ms)
			ReleaseScriptingObjects (0ms)
			CreateAndSetChildDomain (19ms)
		EndReloadAssembly (808ms)
			LoadAssemblies (87ms)
			RebuildTransferFunctionScriptingTraits (0ms)
			SetupTypeCache (288ms)
			ReleaseScriptCaches (1ms)
			RebuildScriptCaches (55ms)
			SetupLoadedEditorAssemblies (335ms)
				LogAssemblyErrors (0ms)
				InitializePlatformSupportModulesInManaged (6ms)
				SetLoadedEditorAssemblies (0ms)
				RefreshPlugins (1ms)
				BeforeProcessingInitializeOnLoad (83ms)
				ProcessInitializeOnLoadAttributes (220ms)
				ProcessInitializeOnLoadMethodAttributes (19ms)
				AfterProcessingInitializeOnLoad (6ms)
				EditorAssembliesLoaded (0ms)
			ExecutionOrderSort2 (0ms)
			AwakeInstancesAfterBackupRestoration (8ms)
Platform modules already initialized, skipping
========================================================================
Worker process is ready to serve import requests
Launched and connected shader compiler UnityShaderCompiler.exe after 0.06 seconds
Refreshing native plugins compatible for Editor in 0.88 ms, found 3 plugins.
Preloading 0 native plugins for Editor in 0.00 ms.
Unloading 3060 Unused Serialized files (Serialized files now loaded: 0)
Unloading 23 unused Assets / (87.9 KB). Loaded Objects now: 3528.
Memory consumption went from 108.5 MB to 108.4 MB.
Total: 3.077100 ms (FindLiveObjects: 0.282000 ms CreateObjectMapping: 0.213700 ms MarkObjects: 2.490600 ms  DeleteObjects: 0.089500 ms)

AssetImportParameters requested are different than current active one (requested -> active):
  custom:video-decoder-ogg-theora: a1e56fd34408186e4bbccfd4996cb3dc -> 
  custom:container-muxer-webm: aa71ff27fc2769a1b78a27578f13a17b -> 
  custom:container-demuxer-webm: 4f35f7cbe854078d1ac9338744f61a02 -> 
  custom:video-encoder-webm-vp8: eb34c28f22e8b96e1ab97ce403110664 -> 
  custom:video-codec-MediaFoundation-h265: 746d11721c4dcdbdad8f713fa42b33f4 -> 
  custom:audio-encoder-webm-vorbis: bf7c407c2cedff20999df2af8eb42d56 -> 
  custom:framework-win-MediaFoundation: 216162199b28c13a410421893ffa2e32 -> 
  custom:container-demuxer-ogg: 62fdf1f143b41e24485cea50d1cbac27 -> 
  custom:video-decoder-webm-vp8: 9c59270c3fd7afecdb556c50c9e8de78 -> 
  custom:audio-decoder-ogg-vorbis: bf7c407c2cedff20999df2af8eb42d56 -> 
========================================================================
Received Import Request.
  Time since last request: 100989.051954 seconds.
  path: Assets/AN Interactive Physical Door Pack/Materials/AN_HeroMaterial.physicMaterial
  artifactKey: Guid(83a87d1fe1117f3419f7246ec123d14b) Importer(815301076,1909f56bfc062723c751e8b465ee728b)
Start importing Assets/AN Interactive Physical Door Pack/Materials/AN_HeroMaterial.physicMaterial using Guid(83a87d1fe1117f3419f7246ec123d14b) Importer(815301076,1909f56bfc062723c751e8b465ee728b)  -> (artifact id: '72f9300a163087b5949ef582c3dd6c3a') in 0.048572 seconds 
========================================================================
Received Import Request.
  Time since last request: 21.112867 seconds.
  path: Assets/AN Interactive Physical Door Pack/FBX/Circule.FBX
  artifactKey: Guid(4e75c0c524cf02541b0791f47c605833) Importer(815301076,1909f56bfc062723c751e8b465ee728b)
Start importing Assets/AN Interactive Physical Door Pack/FBX/Circule.FBX using Guid(4e75c0c524cf02541b0791f47c605833) Importer(815301076,1909f56bfc062723c751e8b465ee728b)  -> (artifact id: '1866bee1c2b572af9105316dd8243149') in 0.247383 seconds 
========================================================================
Received Import Request.
  Time since last request: 603.069335 seconds.
  path: Assets/AN Interactive Physical Door Pack/Materials/Chess Material.mat
  artifactKey: Guid(29af290d0a921aa468fd3fbb03e23b6d) Importer(815301076,1909f56bfc062723c751e8b465ee728b)
Start importing Assets/AN Interactive Physical Door Pack/Materials/Chess Material.mat using Guid(29af290d0a921aa468fd3fbb03e23b6d) Importer(815301076,1909f56bfc062723c751e8b465ee728b)  -> (artifact id: 'cdebe63a5f2bc6d2fe223a417c60fd84') in 0.028829 seconds 
========================================================================
Received Prepare
Registering precompiled user dll's ...
Registered in 0.008014 seconds.
Begin MonoManager ReloadAssembly
Symbol file LoadedFromMemory doesn't match image C:\Users\hoang\Kate Horror Game\Library\PackageCache\com.unity.visualscripting@1.8.0\Editor\VisualScripting.Core\Dependencies\YamlDotNet\Unity.VisualScripting.YamlDotNet.dll
Symbol file LoadedFromMemory doesn't match image C:\Users\hoang\Kate Horror Game\Library\PackageCache\com.unity.visualscripting@1.8.0\Editor\VisualScripting.Core\Dependencies\DotNetZip\Unity.VisualScripting.IonicZip.dll
Native extension for WindowsStandalone target not found
Native extension for WebGL target not found
Refreshing native plugins compatible for Editor in 1.01 ms, found 3 plugins.
Preloading 0 native plugins for Editor in 0.00 ms.
Mono: successfully reloaded assembly
- Completed reload, in  1.222 seconds
Domain Reload Profiling:
	ReloadAssembly (1223ms)
		BeginReloadAssembly (158ms)
			ExecutionOrderSort (0ms)
			DisableScriptedObjects (9ms)
			BackupInstance (0ms)
			ReleaseScriptingObjects (0ms)
			CreateAndSetChildDomain (43ms)
		EndReloadAssembly (942ms)
			LoadAssemblies (97ms)
			RebuildTransferFunctionScriptingTraits (0ms)
			SetupTypeCache (386ms)
			ReleaseScriptCaches (1ms)
			RebuildScriptCaches (48ms)
			SetupLoadedEditorAssemblies (346ms)
				LogAssemblyErrors (0ms)
				InitializePlatformSupportModulesInManaged (21ms)
				SetLoadedEditorAssemblies (1ms)
				RefreshPlugins (1ms)
				BeforeProcessingInitializeOnLoad (75ms)
				ProcessInitializeOnLoadAttributes (219ms)
				ProcessInitializeOnLoadMethodAttributes (22ms)
				AfterProcessingInitializeOnLoad (7ms)
				EditorAssembliesLoaded (0ms)
			ExecutionOrderSort2 (0ms)
			AwakeInstancesAfterBackupRestoration (10ms)
Platform modules already initialized, skipping
Refreshing native plugins compatible for Editor in 1.60 ms, found 3 plugins.
Preloading 0 native plugins for Editor in 0.00 ms.
Unloading 3059 Unused Serialized files (Serialized files now loaded: 0)
Unloading 18 unused Assets / (80.3 KB). Loaded Objects now: 3579.
Memory consumption went from 113.2 MB to 113.2 MB.
Total: 2.674400 ms (FindLiveObjects: 0.238500 ms CreateObjectMapping: 0.134100 ms MarkObjects: 2.215400 ms  DeleteObjects: 0.085500 ms)

AssetImportParameters requested are different than current active one (requested -> active):
  custom:video-decoder-ogg-theora: a1e56fd34408186e4bbccfd4996cb3dc -> 
  custom:container-muxer-webm: aa71ff27fc2769a1b78a27578f13a17b -> 
  custom:container-demuxer-webm: 4f35f7cbe854078d1ac9338744f61a02 -> 
  custom:video-encoder-webm-vp8: eb34c28f22e8b96e1ab97ce403110664 -> 
  custom:video-codec-MediaFoundation-h265: 746d11721c4dcdbdad8f713fa42b33f4 -> 
  custom:audio-encoder-webm-vorbis: bf7c407c2cedff20999df2af8eb42d56 -> 
  custom:framework-win-MediaFoundation: 216162199b28c13a410421893ffa2e32 -> 
  custom:container-demuxer-ogg: 62fdf1f143b41e24485cea50d1cbac27 -> 
  custom:video-decoder-webm-vp8: 9c59270c3fd7afecdb556c50c9e8de78 -> 
  custom:audio-decoder-ogg-vorbis: bf7c407c2cedff20999df2af8eb42d56 -> 
========================================================================
Received Import Request.
  Time since last request: 236.750703 seconds.
  path: Assets/Tensori/SkinlessZombie
  artifactKey: Guid(4be99ed446e7ef743b390d5b04e32c07) Importer(815301076,1909f56bfc062723c751e8b465ee728b)
Start importing Assets/Tensori/SkinlessZombie using Guid(4be99ed446e7ef743b390d5b04e32c07) Importer(815301076,1909f56bfc062723c751e8b465ee728b)  -> (artifact id: 'f37389b6a82f1ce73ffa50df47ab2fb2') in 0.010328 seconds 
========================================================================
Received Import Request.
  Time since last request: 1.732269 seconds.
  path: Assets/Tensori/SkinlessZombie/Art
  artifactKey: Guid(ecbbe9e63d0480446b9b5fc45756e6f2) Importer(815301076,1909f56bfc062723c751e8b465ee728b)
Start importing Assets/Tensori/SkinlessZombie/Art using Guid(ecbbe9e63d0480446b9b5fc45756e6f2) Importer(815301076,1909f56bfc062723c751e8b465ee728b)  -> (artifact id: '49b95749ec24dc17774b044daa1468a5') in 0.007576 seconds 
========================================================================
Received Import Request.
  Time since last request: 2.238298 seconds.
  path: Assets/Tensori/SkinlessZombie/Art/Mesh
  artifactKey: Guid(6270bf297ae431941aa874e7f40bbfaf) Importer(815301076,1909f56bfc062723c751e8b465ee728b)
Start importing Assets/Tensori/SkinlessZombie/Art/Mesh using Guid(6270bf297ae431941aa874e7f40bbfaf) Importer(815301076,1909f56bfc062723c751e8b465ee728b)  -> (artifact id: 'a6fb0099d2128217c3734dcdc6ce26e9') in 0.007951 seconds 
========================================================================
Received Import Request.
  Time since last request: 0.053467 seconds.
  path: Assets/Tensori/SkinlessZombie/Art/Mesh/fireaxe.fbx
  artifactKey: Guid(18ba84fae8aeeee47af407034cda9b8d) Importer(815301076,1909f56bfc062723c751e8b465ee728b)
Start importing Assets/Tensori/SkinlessZombie/Art/Mesh/fireaxe.fbx using Guid(18ba84fae8aeeee47af407034cda9b8d) Importer(815301076,1909f56bfc062723c751e8b465ee728b)  -> (artifact id: 'd64d7aa8844c34b4c73ca9f47121a1c5') in 0.173151 seconds 
========================================================================
Received Import Request.
  Time since last request: 8.514653 seconds.
  path: Assets/Tensori/SkinlessZombie/Art/Animations/angry01.fbx
  artifactKey: Guid(0dd1a06bb21981446a1861c7c1767e75) Importer(815301076,1909f56bfc062723c751e8b465ee728b)
Start importing Assets/Tensori/SkinlessZombie/Art/Animations/angry01.fbx using Guid(0dd1a06bb21981446a1861c7c1767e75) Importer(815301076,1909f56bfc062723c751e8b465ee728b)  -> (artifact id: '890083f6d23da6d23874a08281680386') in 0.010358 seconds 
========================================================================
Received Import Request.
  Time since last request: 0.000016 seconds.
  path: Assets/Tensori/SkinlessZombie/Art/Animations/idle02.fbx
  artifactKey: Guid(402b915837b52c44db3004a62cc9ac09) Importer(815301076,1909f56bfc062723c751e8b465ee728b)
Start importing Assets/Tensori/SkinlessZombie/Art/Animations/idle02.fbx using Guid(402b915837b52c44db3004a62cc9ac09) Importer(815301076,1909f56bfc062723c751e8b465ee728b)  -> (artifact id: 'ee0a016d39fb585bda1303f2ae0d7a54') in 0.011201 seconds 
========================================================================
Received Import Request.
  Time since last request: 0.825319 seconds.
  path: Assets/Tensori/SkinlessZombie/Art/Materials/Axe.mat
  artifactKey: Guid(393f33cc0361af64c9cc956e47ae18ba) Importer(815301076,1909f56bfc062723c751e8b465ee728b)
Start importing Assets/Tensori/SkinlessZombie/Art/Materials/Axe.mat using Guid(393f33cc0361af64c9cc956e47ae18ba) Importer(815301076,1909f56bfc062723c751e8b465ee728b)  -> (artifact id: 'ed91c0017870d28209e2a9f036bcc7ed') in 0.030395 seconds 
========================================================================
Received Import Request.
  Time since last request: 1.862584 seconds.
  path: Assets/Tensori/SkinlessZombie/Art/Textures/axe_fireaxe_BaseMap.png
  artifactKey: Guid(56e23d3858906aa448bfdf0b5e41f1b2) Importer(815301076,1909f56bfc062723c751e8b465ee728b)
Start importing Assets/Tensori/SkinlessZombie/Art/Textures/axe_fireaxe_BaseMap.png using Guid(56e23d3858906aa448bfdf0b5e41f1b2) Importer(815301076,1909f56bfc062723c751e8b465ee728b)  -> (artifact id: 'e51200206060110cb064953fbab7e54b') in 0.040694 seconds 
========================================================================
Received Import Request.
  Time since last request: 0.000017 seconds.
  path: Assets/Tensori/SkinlessZombie/Art/Textures/axe_fireaxe_Normal.png
  artifactKey: Guid(ba6d6e2918e59174b92125d498ad9f24) Importer(815301076,1909f56bfc062723c751e8b465ee728b)
Start importing Assets/Tensori/SkinlessZombie/Art/Textures/axe_fireaxe_Normal.png using Guid(ba6d6e2918e59174b92125d498ad9f24) Importer(815301076,1909f56bfc062723c751e8b465ee728b)  -> (artifact id: 'c186e1d34559759e0ac707a43df0c429') in 0.044804 seconds 
========================================================================
Received Import Request.
  Time since last request: 0.000023 seconds.
  path: Assets/Tensori/SkinlessZombie/Art/Textures/zombie pants low_zombie pants_Normal.png
  artifactKey: Guid(ac9899a0b63e5b74c97e366542c1008d) Importer(815301076,1909f56bfc062723c751e8b465ee728b)
Start importing Assets/Tensori/SkinlessZombie/Art/Textures/zombie pants low_zombie pants_Normal.png using Guid(ac9899a0b63e5b74c97e366542c1008d) Importer(815301076,1909f56bfc062723c751e8b465ee728b)  -> (artifact id: 'd24fd08c38a746da772740f6f96f160f') in 0.024863 seconds 
========================================================================
Received Import Request.
  Time since last request: 0.000023 seconds.
  path: Assets/Tensori/SkinlessZombie/Art/Textures/zombie pants low_zombie pants_BaseMap.png
  artifactKey: Guid(09a09f27a1ec74d419e7a0411adaf6ef) Importer(815301076,1909f56bfc062723c751e8b465ee728b)
Start importing Assets/Tensori/SkinlessZombie/Art/Textures/zombie pants low_zombie pants_BaseMap.png using Guid(09a09f27a1ec74d419e7a0411adaf6ef) Importer(815301076,1909f56bfc062723c751e8b465ee728b)  -> (artifact id: 'f5f62e3a61d43e5453779f46ee144370') in 0.026028 seconds 
Editor requested this worker to shutdown with reason: Scaling down because of idle timeout
AssetImportWorker is now disconnected from the server
Process exiting
Exiting without the bug reporter. Application will terminate with return code 0